<?xml version="1.0" encoding="UTF-8"?>
<!-- Generated by org.testng.reporters.JUnitReportReporter -->
<testsuite hostname="DESKTOP-NLM9CQ8" failures="0" tests="1" name="com.samplejenkins.JenkinsTest" time="8.536" errors="0" timestamp="16 Apr 2023 18:03:14 GMT" skipped="0">
  <testcase classname="com.samplejenkins.JenkinsTest" name="login" time="8.536"/>
</testsuite> <!-- com.samplejenkins.JenkinsTest -->
