<?xml version="1.0" encoding="UTF-8"?>
<!-- Generated by org.testng.reporters.JUnitReportReporter -->
<testsuite hostname="DESKTOP-NLM9CQ8" failures="0" tests="1" name="com.samplejenkins.JenkinsTest" time="9.326" errors="0" timestamp="26 Apr 2023 00:17:11 GMT" skipped="0">
  <testcase classname="com.samplejenkins.JenkinsTest" name="login" time="9.326"/>
</testsuite> <!-- com.samplejenkins.JenkinsTest -->
