<?xml version="1.0" encoding="UTF-8"?>
<!-- Generated by org.testng.reporters.JUnitReportReporter -->
<testsuite hostname="DESKTOP-NLM9CQ8" failures="0" tests="1" name="com.samplejenkins.JenkinsTest" time="10.549" errors="0" timestamp="2023-04-26T06:24:00 IST" skipped="0">
  <testcase classname="com.samplejenkins.JenkinsTest" name="login" time="10.549"/>
  <system-out/>
</testsuite> <!-- com.samplejenkins.JenkinsTest -->
